C51 COMPILER V9.59.0.0   INTELLIGENT_HOME_CONTROL_SYSTEM                                   07/29/2022 18:47:49 PAGE 1   


C51 COMPILER V9.59.0.0, COMPILATION OF MODULE INTELLIGENT_HOME_CONTROL_SYSTEM
OBJECT MODULE PLACED IN .\Objects\Intelligent Home Control System.obj
COMPILER INVOKED BY: C:\Keil_v5\C51\BIN\C51.EXE Intelligent Home Control System.c OPTIMIZE(8,SPEED) BROWSE DEBUG OBJECTE
                    -XTEND PRINT(.\Listings\Intelligent Home Control System.lst) TABS(2) OBJECT(.\Objects\Intelligent Home Control System.obj
                    -)

line level    source

   1          #include "__STC15_H__.h"                     //头文件
   2          #include <intrins.h>
   3          #define u8 unsigned char                     //定义一个全局常量
   4          
   5          u8 code smgduan[]={0xff,0xf9,0xa4,0xb0,0x99,0x92,0x82,0xf8,0x80,0x90,0xc0};//2P0
   6          u8 code smgwei[]={0x01,0x02,0x04,0x08,0x10,0x20,0x40,0x80};//P2
   7          u8 Num1,Num2,Num3,Num4,Num5,Num6,Num7,Num8;  //定义八位存储号码
   8          u8 k = 0;                                    //定义全局变量
   9          
  10          void Delay1ms();                             //延时函数
  11          void Delay20ms();
  12          
  13          /*数码管显示函数*/
  14          void smg_display()  
  15          {
  16   1        if(k<=8)
  17   1        {
  18   2        Num1 = P1&0x0f;                            //读取输入的数值，并把高四位设为0
  19   2          if(k >= 1 &&k<10)  
  20   2        {
  21   3        P0 = smgduan[Num1]; P2 = smgwei[0]; Delay1ms(); P0 = 0xff;  
  22   3          }
  23   2        if(k >= 2 &&k<10)  
  24   2        {
  25   3        P0 = smgduan[Num2]; P2 = smgwei[1]; Delay1ms(); P0 = 0xff;
  26   3          }
  27   2        if(k >= 3 &&k<10)  
  28   2        {
  29   3        P0 = smgduan[Num3]; P2 = smgwei[2]; Delay1ms(); P0 = 0xff;
  30   3          }
  31   2        if(k >= 4 &&k<10)  
  32   2        {
  33   3        P0 = smgduan[Num4]; P2 = smgwei[3]; Delay1ms(); P0 = 0xff;
  34   3          }
  35   2        if(k >= 5 &&k<10)  
  36   2        {
  37   3        P0 = smgduan[Num5]; P2 = smgwei[4]; Delay1ms(); P0 = 0xff;
  38   3          }
  39   2        if(k >= 6 &&k<10)  
  40   2        {
  41   3        P0 = smgduan[Num6]; P2 = smgwei[5]; Delay1ms(); P0 = 0xff;
  42   3        }
  43   2        if(k >= 7 &&k<10)  
  44   2        {
  45   3        P0 = smgduan[Num7]; P2 = smgwei[6]; Delay1ms(); P0 = 0xff;
  46   3        }
  47   2        if(k >= 8 &&k<10)  
  48   2        {
  49   3        P0 = smgduan[Num8]; P2 = smgwei[7]; Delay1ms(); P0 = 0xff;
  50   3        }
  51   2          if(k == 9) 
  52   2        P0 = 0x0c; P2 = 0x3f; Delay1ms(); P0 = 0xff;
  53   2        }
C51 COMPILER V9.59.0.0   INTELLIGENT_HOME_CONTROL_SYSTEM                                   07/29/2022 18:47:49 PAGE 2   

  54   1      }
  55          
  56          /*主函数*/
  57          void main()
  58          {             
  59   1        EA =1;
  60   1        EX0 = 1;
  61   1        IT0 = 1; 
  62   1         
  63   1        while(1)    
  64   1        {
  65   2          smg_display();                          //循环数码管显示的函数
  66   2        }
  67   1      }
  68          
  69          /*外部中断0的函数*/
  70          void exint0() interrupt 0   
  71          {
  72   1        
  73   1        if(!P32)                                  //检测中断请求
  74   1        {
  75   2          Delay20ms();                            //消抖
  76   2          if(!P32)        
  77   2          {
  78   3            k++;                                  //自加
  79   3            if(k<=8)
  80   3            {
  81   4              Num8=Num7;
  82   4              Num7=Num6;
  83   4              Num6=Num5;
  84   4              Num5=Num4;
  85   4              Num4=Num3;  
  86   4              Num3=Num2;
  87   4              Num2=Num1; 
  88   4            }
  89   3            if(k >9)
  90   3            {
  91   4              k = 1;                              //重置K
  92   4            } 
  93   3          }
  94   2          while(!P32);                            //直至按键松开
  95   2        }
  96   1      }
  97          
  98          /*延时函数*/
  99          void Delay1ms()   //@12.000MHz 延时程序1ms
 100          {
 101   1        unsigned char i, j;
 102   1      
 103   1        i = 12;
 104   1        j = 169;
 105   1        do
 106   1        {
 107   2          while (--j);
 108   2        } while (--i);
 109   1      }
 110          
 111          void Delay20ms()    //@12.000MHz 延时程序20ms
 112          {
 113   1        unsigned char i, j, k;
 114   1      
 115   1        _nop_();
C51 COMPILER V9.59.0.0   INTELLIGENT_HOME_CONTROL_SYSTEM                                   07/29/2022 18:47:49 PAGE 3   

 116   1        _nop_();
 117   1        i = 1;
 118   1        j = 234;
 119   1        k = 113;
 120   1        do
 121   1        {
 122   2          do
 123   2          {
 124   3            while (--k);
 125   3          } while (--j);
 126   2        } while (--i);
 127   1      }


MODULE INFORMATION:   STATIC OVERLAYABLE
   CODE SIZE        =    516    ----
   CONSTANT SIZE    =     19    ----
   XDATA SIZE       =   ----    ----
   PDATA SIZE       =   ----    ----
   DATA SIZE        =      9    ----
   IDATA SIZE       =   ----    ----
   BIT SIZE         =   ----    ----
END OF MODULE INFORMATION.


C51 COMPILATION COMPLETE.  0 WARNING(S),  0 ERROR(S)
